<?xml version="1.0" encoding="UTF-8"?>
<testng-results skipped="4" failed="0" total="6" passed="2">
  <reporter-output>
  </reporter-output>
  <suite name="Suite B" duration-ms="0" started-at="2015-12-25T12:01:42Z" finished-at="2015-12-25T12:01:42Z">
    <groups>
    </groups>
  </suite>
  <suite name="Suite A" duration-ms="797" started-at="2015-12-25T12:01:41Z" finished-at="2015-12-25T12:01:42Z">
    <groups>
    </groups>
    <test name="Test A1" duration-ms="595" started-at="2015-12-25T12:01:41Z" finished-at="2015-12-25T12:01:41Z">
      <class name="dataDrivenFramework.suiteA.Test1">
        <test-method status="PASS" signature="test1(java.util.HashMap)" name="test1" duration-ms="128" started-at="2015-12-25T12:01:41Z" finished-at="2015-12-25T12:01:41Z">
          <params>
            <param index="0">
              <value>
                <![CDATA[{Col1=C11, Col2=C22, Col3=C33, Runmode=Y, Result=}]]>
              </value>
            </param>
          </params>
        </test-method>
        <test-method status="SKIP" signature="test1(java.util.HashMap)" name="test1" duration-ms="107" started-at="2015-12-25T12:01:41Z" finished-at="2015-12-25T12:01:41Z">
          <params>
            <param index="0">
              <value>
                <![CDATA[{Col1=C21, Col2=C23, Col3=C34, Runmode=N, Result=}]]>
              </value>
            </param>
          </params>
          <exception class="org.testng.SkipException">
            <message>
              <![CDATA[Skipping the test Test1inside the suite SuiteA. Reason: Test input NOT runnable.]]>
            </message>
            <full-stacktrace>
              <![CDATA[org.testng.SkipException: Skipping the test Test1inside the suite SuiteA. Reason: Test input NOT runnable.
	at dataDrivenFramework.dataDriven.TestBase.validateRunmodes(TestBase.java:24)
	at dataDrivenFramework.suiteA.Test1.test1(Test1.java:30)
	at sun.reflect.NativeMethodAccessorImpl.invoke0(Native Method)
	at sun.reflect.NativeMethodAccessorImpl.invoke(NativeMethodAccessorImpl.java:62)
	at sun.reflect.DelegatingMethodAccessorImpl.invoke(DelegatingMethodAccessorImpl.java:43)
	at java.lang.reflect.Method.invoke(Method.java:483)
	at org.testng.internal.MethodInvocationHelper.invokeMethod(MethodInvocationHelper.java:80)
	at org.testng.internal.Invoker.invokeMethod(Invoker.java:673)
	at org.testng.internal.Invoker.invokeTestMethod(Invoker.java:842)
	at org.testng.internal.Invoker.invokeTestMethods(Invoker.java:1166)
	at org.testng.internal.TestMethodWorker.invokeTestMethods(TestMethodWorker.java:125)
	at org.testng.internal.TestMethodWorker.run(TestMethodWorker.java:109)
	at org.testng.TestRunner.runWorkers(TestRunner.java:1178)
	at org.testng.TestRunner.privateRun(TestRunner.java:757)
	at org.testng.TestRunner.run(TestRunner.java:608)
	at org.testng.SuiteRunner.runTest(SuiteRunner.java:334)
	at org.testng.SuiteRunner.runSequentially(SuiteRunner.java:329)
	at org.testng.SuiteRunner.privateRun(SuiteRunner.java:291)
	at org.testng.SuiteRunner.run(SuiteRunner.java:240)
	at org.testng.SuiteRunnerWorker.runSuite(SuiteRunnerWorker.java:52)
	at org.testng.SuiteRunnerWorker.run(SuiteRunnerWorker.java:86)
	at org.testng.TestNG.runSuitesSequentially(TestNG.java:1158)
	at org.testng.TestNG.runSuitesSequentially(TestNG.java:1154)
	at org.testng.TestNG.runSuitesLocally(TestNG.java:1083)
	at org.testng.TestNG.run(TestNG.java:999)
	at org.apache.maven.surefire.testng.TestNGExecutor.run(TestNGExecutor.java:282)
	at org.apache.maven.surefire.testng.TestNGXmlTestSuite.execute(TestNGXmlTestSuite.java:83)
	at org.apache.maven.surefire.testng.TestNGProvider.invoke(TestNGProvider.java:114)
	at org.apache.maven.surefire.booter.ForkedBooter.invokeProviderInSameClassLoader(ForkedBooter.java:286)
	at org.apache.maven.surefire.booter.ForkedBooter.runSuitesInProcess(ForkedBooter.java:240)
	at org.apache.maven.surefire.booter.ForkedBooter.main(ForkedBooter.java:121)
]]>
            </full-stacktrace>
          </exception>
        </test-method>
        <test-method status="PASS" signature="test1(java.util.HashMap)" name="test1" duration-ms="209" started-at="2015-12-25T12:01:41Z" finished-at="2015-12-25T12:01:41Z">
          <params>
            <param index="0">
              <value>
                <![CDATA[{Col1=C31, Col2=C24, Col3=C35, Runmode=Y, Result=}]]>
              </value>
            </param>
          </params>
        </test-method>
      </class>
    </test>
    <test name="Test A2" duration-ms="172" started-at="2015-12-25T12:01:41Z" finished-at="2015-12-25T12:01:42Z">
      <class name="dataDrivenFramework.suiteA.Test2">
        <test-method status="PASS" signature="beforeSuite()" name="beforeSuite" is-config="true" duration-ms="1295" started-at="2015-12-25T12:01:40Z" finished-at="2015-12-25T12:01:41Z">
        </test-method>
        <test-method status="SKIP" signature="beforeClass()" name="beforeClass" is-config="true" duration-ms="0" started-at="2015-12-25T12:01:41Z" finished-at="2015-12-25T12:01:41Z">
          <exception class="org.testng.SkipException">
            <message>
              <![CDATA[Skipping the test Test2 inside the suite A. Reason: Test case NOT runnable.]]>
            </message>
            <full-stacktrace>
              <![CDATA[org.testng.SkipException: Skipping the test Test2 inside the suite A. Reason: Test case NOT runnable.
	at dataDrivenFramework.suiteA.Test2.beforeClass(Test2.java:36)
	at sun.reflect.NativeMethodAccessorImpl.invoke0(Native Method)
	at sun.reflect.NativeMethodAccessorImpl.invoke(NativeMethodAccessorImpl.java:62)
	at sun.reflect.DelegatingMethodAccessorImpl.invoke(DelegatingMethodAccessorImpl.java:43)
	at java.lang.reflect.Method.invoke(Method.java:483)
	at org.testng.internal.MethodInvocationHelper.invokeMethod(MethodInvocationHelper.java:80)
	at org.testng.internal.Invoker.invokeConfigurationMethod(Invoker.java:525)
	at org.testng.internal.Invoker.invokeConfigurations(Invoker.java:202)
	at org.testng.internal.Invoker.invokeConfigurations(Invoker.java:130)
	at org.testng.internal.TestMethodWorker.invokeBeforeClassMethods(TestMethodWorker.java:173)
	at org.testng.internal.TestMethodWorker.run(TestMethodWorker.java:105)
	at org.testng.TestRunner.runWorkers(TestRunner.java:1178)
	at org.testng.TestRunner.privateRun(TestRunner.java:757)
	at org.testng.TestRunner.run(TestRunner.java:608)
	at org.testng.SuiteRunner.runTest(SuiteRunner.java:334)
	at org.testng.SuiteRunner.runSequentially(SuiteRunner.java:329)
	at org.testng.SuiteRunner.privateRun(SuiteRunner.java:291)
	at org.testng.SuiteRunner.run(SuiteRunner.java:240)
	at org.testng.SuiteRunnerWorker.runSuite(SuiteRunnerWorker.java:52)
	at org.testng.SuiteRunnerWorker.run(SuiteRunnerWorker.java:86)
	at org.testng.TestNG.runSuitesSequentially(TestNG.java:1158)
	at org.testng.TestNG.runSuitesSequentially(TestNG.java:1154)
	at org.testng.TestNG.runSuitesLocally(TestNG.java:1083)
	at org.testng.TestNG.run(TestNG.java:999)
	at org.apache.maven.surefire.testng.TestNGExecutor.run(TestNGExecutor.java:282)
	at org.apache.maven.surefire.testng.TestNGXmlTestSuite.execute(TestNGXmlTestSuite.java:83)
	at org.apache.maven.surefire.testng.TestNGProvider.invoke(TestNGProvider.java:114)
	at org.apache.maven.surefire.booter.ForkedBooter.invokeProviderInSameClassLoader(ForkedBooter.java:286)
	at org.apache.maven.surefire.booter.ForkedBooter.runSuitesInProcess(ForkedBooter.java:240)
	at org.apache.maven.surefire.booter.ForkedBooter.main(ForkedBooter.java:121)
]]>
            </full-stacktrace>
          </exception>
        </test-method>
        <test-method status="SKIP" signature="test2(java.util.HashMap)" name="test2" duration-ms="0" started-at="2015-12-25T12:01:42Z" finished-at="2015-12-25T12:01:42Z">
          <params>
            <param index="0">
              <value>
                <![CDATA[{Col1=C11, Col2=C22, Col3=C33, Col4=C43, Runmode=Y, Result=}]]>
              </value>
            </param>
          </params>
        </test-method>
        <test-method status="SKIP" signature="test2(java.util.HashMap)" name="test2" duration-ms="1" started-at="2015-12-25T12:01:42Z" finished-at="2015-12-25T12:01:42Z">
          <params>
            <param index="0">
              <value>
                <![CDATA[{Col1=C31, Col2=C24, Col3=C35, Col4=C46, Runmode=Y, Result=}]]>
              </value>
            </param>
          </params>
        </test-method>
        <test-method status="SKIP" signature="test2(java.util.HashMap)" name="test2" duration-ms="0" started-at="2015-12-25T12:01:42Z" finished-at="2015-12-25T12:01:42Z">
          <params>
            <param index="0">
              <value>
                <![CDATA[{Col1=C21, Col2=C23, Col3=C34, Col4=C45, Runmode=N, Result=}]]>
              </value>
            </param>
          </params>
        </test-method>
      </class>
    </test>
  </suite>
  <suite name="Suite" duration-ms="0" started-at="2015-12-25T12:01:42Z" finished-at="2015-12-25T12:01:42Z">
    <groups>
    </groups>
  </suite>
</testng-results>
